2023-10-16 18:11:31:1131 error: Error trying setting up PERSISTEN_DATA on state: PrismaClientInitializationError: 
Invalid `prisma.turnos.findMany()` invocation in
C:\projects\invis\turnero\server\src\core\global.state.ts:305:51

  302  */
  303 export const refreshQueueState = async () => {
  304     try {
→ 305         const turnosActivos = await prisma.turnos.findMany(
Can't reach database server at `190.167.221.171`:`5432`

Please make sure your database server is running at `190.167.221.171`:`5432`.
2023-10-16 18:15:58:1558 error: Error trying setting up PERSISTEN_DATA on state: PrismaClientInitializationError: 
Invalid `prisma.turnos.findMany()` invocation in
C:\projects\invis\turnero\server\src\core\global.state.ts:305:51

  302  */
  303 export const refreshQueueState = async () => {
  304     try {
→ 305         const turnosActivos = await prisma.turnos.findMany(
Can't reach database server at `190.167.221.171`:`5432`

Please make sure your database server is running at `190.167.221.171`:`5432`.
2023-10-16 18:18:15:1815 error: Error trying setting up PERSISTEN_DATA on state: PrismaClientInitializationError: 
Invalid `prisma.turnos.findMany()` invocation in
C:\projects\invis\turnero\server\src\core\global.state.ts:305:51

  302  */
  303 export const refreshQueueState = async () => {
  304     try {
→ 305         const turnosActivos = await prisma.turnos.findMany(
Can't reach database server at `190.167.221.171`:`5432`

Please make sure your database server is running at `190.167.221.171`:`5432`.
2023-10-16 18:21:13:2113 error: Error trying setting up PERSISTEN_DATA on state: PrismaClientInitializationError: 
Invalid `prisma.turnos.findMany()` invocation in
C:\projects\invis\turnero\server\src\core\global.state.ts:305:51

  302  */
  303 export const refreshQueueState = async () => {
  304     try {
→ 305         const turnosActivos = await prisma.turnos.findMany(
Can't reach database server at `190.167.221.171`:`5432`

Please make sure your database server is running at `190.167.221.171`:`5432`.
2023-10-16 18:21:54:2154 error: Error trying setting up PERSISTEN_DATA on state: PrismaClientInitializationError: 
Invalid `prisma.turnos.findMany()` invocation in
C:\projects\invis\turnero\server\src\core\global.state.ts:305:51

  302  */
  303 export const refreshQueueState = async () => {
  304     try {
→ 305         const turnosActivos = await prisma.turnos.findMany(
Can't reach database server at `190.167.221.171`:`5432`

Please make sure your database server is running at `190.167.221.171`:`5432`.
2023-10-18 17:22:18:2218 error: Error trying setting up PERSISTEN_DATA on state: PrismaClientInitializationError: 
Invalid `prisma.turnos.findMany()` invocation in
C:\projects\invis\turnero\server\src\core\global.state.ts:305:51

  302  */
  303 export const refreshQueueState = async () => {
  304     try {
→ 305         const turnosActivos = await prisma.turnos.findMany(
Can't reach database server at `190.167.221.171`:`5432`

Please make sure your database server is running at `190.167.221.171`:`5432`.
2023-10-19 18:20:27:2027 error: Error trying setting up PERSISTEN_DATA on state: PrismaClientInitializationError: 
Invalid `prisma.turnos.findMany()` invocation in
C:\projects\invis\turnero\server\src\core\global.state.ts:305:51

  302  */
  303 export const refreshQueueState = async () => {
  304     try {
→ 305         const turnosActivos = await prisma.turnos.findMany(
Can't reach database server at `190.167.221.171`:`5432`

Please make sure your database server is running at `190.167.221.171`:`5432`.
2023-10-20 15:58:45:5845 error: Error trying setting up PERSISTEN_DATA on state: PrismaClientInitializationError: 
Invalid `prisma.turnos.findMany()` invocation in
C:\projects\invis\turnero\server\src\core\global.state.ts:305:51

  302  */
  303 export const refreshQueueState = async () => {
  304     try {
→ 305         const turnosActivos = await prisma.turnos.findMany(
Can't reach database server at `190.167.221.171`:`5432`

Please make sure your database server is running at `190.167.221.171`:`5432`.
2023-10-20 16:01:34:134 error: Error trying setting up PERSISTEN_DATA on state: PrismaClientInitializationError: 
Invalid `prisma.turnos.findMany()` invocation in
C:\projects\invis\turnero\server\src\core\global.state.ts:305:51

  302  */
  303 export const refreshQueueState = async () => {
  304     try {
→ 305         const turnosActivos = await prisma.turnos.findMany(
Can't reach database server at `190.167.221.171`:`5432`

Please make sure your database server is running at `190.167.221.171`:`5432`.
